2022-03-24 13:56:33,619 - INFO - ['https://www.yemeksepeti.com/subway-besiktas-cihannuma-mah-istanbul', 'https://www.yemeksepeti.com/focaccia-esenler-oruc-reis-mah-istanbul', 'https://www.yemeksepeti.com/yaprak-pastanesi-eyup-alibeykoy-mah-istanbul', 'https://www.yemeksepeti.com/odul-bufe-fast-food-beylikduzu-yakuplu-mah-istanbul']
2022-03-24 13:56:33,620 - INFO - 4
2022-03-24 13:56:42,281 - INFO - Comments Writing ......
2022-03-24 13:56:42,281 - INFO - https://www.yemeksepeti.com//subway-besiktas-cihannuma-mah-istanbul?section=comments&page=1
2022-03-24 13:56:44,303 - INFO - Comments Writing ......
2022-03-24 13:56:44,303 - INFO - https://www.yemeksepeti.com//subway-besiktas-cihannuma-mah-istanbul?section=comments&page=2
2022-03-24 13:56:46,423 - INFO - Comments Writing ......
2022-03-24 13:56:46,423 - INFO - https://www.yemeksepeti.com//subway-besiktas-cihannuma-mah-istanbul?section=comments&page=3
2022-03-24 13:56:48,416 - INFO - Comments Writing ......
2022-03-24 13:56:48,416 - INFO - https://www.yemeksepeti.com//subway-besiktas-cihannuma-mah-istanbul?section=comments&page=4
2022-03-24 13:56:50,334 - INFO - Comments Writing ......
2022-03-24 13:56:50,334 - INFO - https://www.yemeksepeti.com//subway-besiktas-cihannuma-mah-istanbul?section=comments&page=5
2022-03-24 13:56:52,410 - INFO - Comments Writing ......
2022-03-24 13:56:52,410 - INFO - https://www.yemeksepeti.com//subway-besiktas-cihannuma-mah-istanbul?section=comments&page=6
2022-03-24 13:56:54,459 - INFO - Comments Writing ......
2022-03-24 13:56:54,459 - INFO - https://www.yemeksepeti.com//subway-besiktas-cihannuma-mah-istanbul?section=comments&page=7
2022-03-24 13:56:56,444 - INFO - Comments Writing ......
2022-03-24 13:56:56,444 - INFO - https://www.yemeksepeti.com//subway-besiktas-cihannuma-mah-istanbul?section=comments&page=8
2022-03-24 13:56:58,486 - INFO - Comments Writing ......
2022-03-24 13:56:58,486 - INFO - https://www.yemeksepeti.com//focaccia-esenler-oruc-reis-mah-istanbul?section=comments&page=1
2022-03-24 13:57:00,639 - INFO - Comments Writing ......
2022-03-24 13:57:00,640 - INFO - https://www.yemeksepeti.com//focaccia-esenler-oruc-reis-mah-istanbul?section=comments&page=2
2022-03-24 13:57:02,695 - INFO - Comments Writing ......
2022-03-24 13:57:02,695 - INFO - https://www.yemeksepeti.com//odul-bufe-fast-food-beylikduzu-yakuplu-mah-istanbul?section=comments&page=1
2022-03-24 13:57:04,968 - INFO - Comments Writing ......
2022-03-24 13:57:04,968 - INFO - https://www.yemeksepeti.com//odul-bufe-fast-food-beylikduzu-yakuplu-mah-istanbul?section=comments&page=2
2022-03-24 13:57:07,409 - INFO - Comments Writing ......
2022-03-24 13:57:07,409 - INFO - https://www.yemeksepeti.com//odul-bufe-fast-food-beylikduzu-yakuplu-mah-istanbul?section=comments&page=3
2022-03-24 13:57:09,813 - INFO - Comments Writing ......
2022-03-24 13:57:09,813 - INFO - https://www.yemeksepeti.com//odul-bufe-fast-food-beylikduzu-yakuplu-mah-istanbul?section=comments&page=4
2022-03-24 13:57:12,335 - INFO - Comments Writing ......
2022-03-24 13:57:12,336 - INFO - https://www.yemeksepeti.com//odul-bufe-fast-food-beylikduzu-yakuplu-mah-istanbul?section=comments&page=5
2022-03-24 13:57:14,253 - INFO - Comments Writing ......
2022-03-24 13:57:14,253 - INFO - https://www.yemeksepeti.com//odul-bufe-fast-food-beylikduzu-yakuplu-mah-istanbul?section=comments&page=6
2022-03-24 13:57:16,203 - INFO - Comments Writing ......
2022-03-24 13:57:16,204 - INFO - https://www.yemeksepeti.com//odul-bufe-fast-food-beylikduzu-yakuplu-mah-istanbul?section=comments&page=7
2022-03-24 13:57:18,463 - INFO - Puanlar yazılıyor......
2022-03-24 13:57:18,463 - INFO - https://www.yemeksepeti.com//subway-besiktas-cihannuma-mah-istanbul?section=comments&page=1
2022-03-24 13:57:20,028 - INFO - Puanlar yazılıyor......
2022-03-24 13:57:20,028 - INFO - https://www.yemeksepeti.com//subway-besiktas-cihannuma-mah-istanbul?section=comments&page=2
2022-03-24 13:57:22,024 - INFO - Puanlar yazılıyor......
2022-03-24 13:57:22,024 - INFO - https://www.yemeksepeti.com//subway-besiktas-cihannuma-mah-istanbul?section=comments&page=3
2022-03-24 13:57:23,927 - INFO - Puanlar yazılıyor......
2022-03-24 13:57:23,927 - INFO - https://www.yemeksepeti.com//subway-besiktas-cihannuma-mah-istanbul?section=comments&page=4
2022-03-24 13:57:26,168 - INFO - Puanlar yazılıyor......
2022-03-24 13:57:26,168 - INFO - https://www.yemeksepeti.com//subway-besiktas-cihannuma-mah-istanbul?section=comments&page=5
2022-03-24 13:57:27,928 - INFO - Puanlar yazılıyor......
2022-03-24 13:57:27,928 - INFO - https://www.yemeksepeti.com//subway-besiktas-cihannuma-mah-istanbul?section=comments&page=6
2022-03-24 13:57:29,937 - INFO - Puanlar yazılıyor......
2022-03-24 13:57:29,937 - INFO - https://www.yemeksepeti.com//subway-besiktas-cihannuma-mah-istanbul?section=comments&page=7
2022-03-24 13:57:32,113 - INFO - Puanlar yazılıyor......
2022-03-24 13:57:32,113 - INFO - https://www.yemeksepeti.com//subway-besiktas-cihannuma-mah-istanbul?section=comments&page=8
2022-03-24 13:57:33,950 - INFO - Puanlar yazılıyor......
2022-03-24 13:57:33,951 - INFO - https://www.yemeksepeti.com//focaccia-esenler-oruc-reis-mah-istanbul?section=comments&page=1
2022-03-24 13:57:36,105 - INFO - Puanlar yazılıyor......
2022-03-24 13:57:36,105 - INFO - https://www.yemeksepeti.com//focaccia-esenler-oruc-reis-mah-istanbul?section=comments&page=2
2022-03-24 13:57:38,132 - INFO - Puanlar yazılıyor......
2022-03-24 13:57:38,133 - INFO - https://www.yemeksepeti.com//odul-bufe-fast-food-beylikduzu-yakuplu-mah-istanbul?section=comments&page=1
2022-03-24 13:57:40,598 - INFO - Puanlar yazılıyor......
2022-03-24 13:57:40,598 - INFO - https://www.yemeksepeti.com//odul-bufe-fast-food-beylikduzu-yakuplu-mah-istanbul?section=comments&page=2
2022-03-24 13:57:42,694 - INFO - Puanlar yazılıyor......
2022-03-24 13:57:42,694 - INFO - https://www.yemeksepeti.com//odul-bufe-fast-food-beylikduzu-yakuplu-mah-istanbul?section=comments&page=3
2022-03-24 13:57:45,641 - INFO - Puanlar yazılıyor......
2022-03-24 13:57:45,641 - INFO - https://www.yemeksepeti.com//odul-bufe-fast-food-beylikduzu-yakuplu-mah-istanbul?section=comments&page=4
2022-03-24 13:57:47,366 - INFO - Puanlar yazılıyor......
2022-03-24 13:57:47,366 - INFO - https://www.yemeksepeti.com//odul-bufe-fast-food-beylikduzu-yakuplu-mah-istanbul?section=comments&page=5
2022-03-24 13:57:49,189 - INFO - Puanlar yazılıyor......
2022-03-24 13:57:49,189 - INFO - https://www.yemeksepeti.com//odul-bufe-fast-food-beylikduzu-yakuplu-mah-istanbul?section=comments&page=6
2022-03-24 13:57:51,509 - INFO - Puanlar yazılıyor......
2022-03-24 13:57:51,509 - INFO - https://www.yemeksepeti.com//odul-bufe-fast-food-beylikduzu-yakuplu-mah-istanbul?section=comments&page=7
